<?xml version="1.0" encoding="UTF-8"?>
<!-- Generated by org.testng.reporters.JUnitXMLReporter -->
<testsuite ignored="0" hostname="LAPTOP-MS8QUSSL" failures="0" tests="5" name="Test" time="0.039" errors="0" timestamp="2021-11-30T17:57:38 IST">
  <testcase classname="jenkinspackage.jenkinsclass" name="jenkinstest" time="0.003"/>
  <testcase classname="jenkinspackage.jenkinsclass" name="jenkinstest1" time="0.0"/>
  <testcase classname="jenkinspackage.jenkinsclass" name="jenkinstest2" time="0.0"/>
  <testcase classname="jenkinspackage.jenkinsclass" name="jenkinstest3" time="0.0"/>
  <testcase classname="jenkinspackage.jenkinsclass" name="jenkinstest4" time="0.0"/>
</testsuite> <!-- Test -->
