<?xml version="1.0" encoding="UTF-8"?>
<testng-results ignored="0" total="1" passed="1" failed="0" skipped="0">
  <reporter-output>
  </reporter-output>
  <suite started-at="2021-11-30T14:44:16 IST" name="Suite" finished-at="2021-11-30T14:44:16 IST" duration-ms="55">
    <groups>
    </groups>
    <test started-at="2021-11-30T14:44:16 IST" name="Test" finished-at="2021-11-30T14:44:16 IST" duration-ms="55">
      <class name="jenkinspackage.jenkinsclass">
        <test-method signature="jenkinstest()[pri:0, instance:jenkinspackage.jenkinsclass@130d63be]" started-at="2021-11-30T14:44:16 IST" name="jenkinstest" finished-at="2021-11-30T14:44:16 IST" duration-ms="7" status="PASS">
          <reporter-output>
          </reporter-output>
        </test-method> <!-- jenkinstest -->
      </class> <!-- jenkinspackage.jenkinsclass -->
    </test> <!-- Test -->
  </suite> <!-- Suite -->
</testng-results>
