<?xml version="1.0" encoding="UTF-8"?>
<testng-results ignored="0" total="5" passed="5" failed="0" skipped="0">
  <reporter-output>
  </reporter-output>
  <suite started-at="2021-11-30T17:57:38 IST" name="Suite" finished-at="2021-11-30T17:57:38 IST" duration-ms="39">
    <groups>
    </groups>
    <test started-at="2021-11-30T17:57:38 IST" name="Test" finished-at="2021-11-30T17:57:38 IST" duration-ms="39">
      <class name="jenkinspackage.jenkinsclass">
        <test-method signature="jenkinstest()[pri:0, instance:jenkinspackage.jenkinsclass@74f0ea28]" started-at="2021-11-30T17:57:38 IST" name="jenkinstest" finished-at="2021-11-30T17:57:38 IST" duration-ms="3" status="PASS">
          <reporter-output>
          </reporter-output>
        </test-method> <!-- jenkinstest -->
        <test-method signature="jenkinstest1()[pri:0, instance:jenkinspackage.jenkinsclass@74f0ea28]" started-at="2021-11-30T17:57:38 IST" name="jenkinstest1" finished-at="2021-11-30T17:57:38 IST" duration-ms="0" status="PASS">
          <reporter-output>
          </reporter-output>
        </test-method> <!-- jenkinstest1 -->
        <test-method signature="jenkinstest2()[pri:0, instance:jenkinspackage.jenkinsclass@74f0ea28]" started-at="2021-11-30T17:57:38 IST" name="jenkinstest2" finished-at="2021-11-30T17:57:38 IST" duration-ms="0" status="PASS">
          <reporter-output>
          </reporter-output>
        </test-method> <!-- jenkinstest2 -->
        <test-method signature="jenkinstest3()[pri:0, instance:jenkinspackage.jenkinsclass@74f0ea28]" started-at="2021-11-30T17:57:38 IST" name="jenkinstest3" finished-at="2021-11-30T17:57:38 IST" duration-ms="0" status="PASS">
          <reporter-output>
          </reporter-output>
        </test-method> <!-- jenkinstest3 -->
        <test-method signature="jenkinstest4()[pri:0, instance:jenkinspackage.jenkinsclass@74f0ea28]" started-at="2021-11-30T17:57:38 IST" name="jenkinstest4" finished-at="2021-11-30T17:57:38 IST" duration-ms="0" status="PASS">
          <reporter-output>
          </reporter-output>
        </test-method> <!-- jenkinstest4 -->
      </class> <!-- jenkinspackage.jenkinsclass -->
    </test> <!-- Test -->
  </suite> <!-- Suite -->
</testng-results>
