<?xml version="1.0" encoding="UTF-8"?>
<testng-results ignored="0" total="1" passed="1" failed="0" skipped="0">
  <reporter-output>
  </reporter-output>
  <suite started-at="2021-11-30T14:43:55 IST" name="Default suite" finished-at="2021-11-30T14:43:55 IST" duration-ms="63">
    <groups>
    </groups>
    <test started-at="2021-11-30T14:43:55 IST" name="Default test" finished-at="2021-11-30T14:43:55 IST" duration-ms="63">
      <class name="jenkinspackage.jenkinsclass">
        <test-method signature="jenkinstest()[pri:0, instance:jenkinspackage.jenkinsclass@4e268090]" started-at="2021-11-30T14:43:55 IST" name="jenkinstest" finished-at="2021-11-30T14:43:55 IST" duration-ms="10" status="PASS">
          <reporter-output>
          </reporter-output>
        </test-method> <!-- jenkinstest -->
      </class> <!-- jenkinspackage.jenkinsclass -->
    </test> <!-- Default test -->
  </suite> <!-- Default suite -->
</testng-results>
